<?xml version="1.0" encoding="UTF-8"?>
<!-- Generated by org.testng.reporters.JUnitReportReporter -->
<testsuite hostname="LAPTOP-4E0BVMRO" failures="0" tests="4" name="Runner.TestRunner" time="0.166" errors="0" timestamp="2024-12-27T00:00:25 IST" skipped="0">
  <testcase classname="Runner.TestRunner" name="runScenario" time="0.021"/>
  <testcase classname="Runner.TestRunner" name="runScenario" time="0.023"/>
  <testcase classname="Runner.TestRunner" name="runScenario" time="0.109"/>
  <testcase classname="Runner.TestRunner" name="runScenario" time="0.013"/>
</testsuite> <!-- Runner.TestRunner -->
