<?xml version="1.0" encoding="UTF-8"?>
<!-- Generated by org.testng.reporters.JUnitReportReporter -->
<testsuite hostname="LAPTOP-4E0BVMRO" failures="0" tests="4" name="Runner.TestRunner" time="0.169" errors="0" timestamp="2024-12-21T23:28:58 IST" skipped="0">
  <testcase classname="Runner.TestRunner" name="runScenario" time="0.023"/>
  <testcase classname="Runner.TestRunner" name="runScenario" time="0.019"/>
  <testcase classname="Runner.TestRunner" name="runScenario" time="0.116"/>
  <testcase classname="Runner.TestRunner" name="runScenario" time="0.011"/>
</testsuite> <!-- Runner.TestRunner -->
